<?xml version="1.0" encoding="UTF-8"?>
<!-- Generated by org.testng.reporters.JUnitReportReporter -->
<testsuite hostname="DESKTOP-L37L1I5" failures="0" tests="1" name="TEST_RUNNER_CHROME.Test_Runner1" time="0.012" errors="0" timestamp="2020-03-25T15:50:59 IST" skipped="0">
  <testcase classname="TEST_RUNNER_CHROME.Test_Runner1" name="feature" time="0.012"/>
</testsuite> <!-- TEST_RUNNER_CHROME.Test_Runner1 -->
